-------------------------------------------------------------------------------
Test set: TestSuite
-------------------------------------------------------------------------------
Tests run: 2, Failures: 1, Errors: 0, Skipped: 0, Time elapsed: 19.388 sec <<< FAILURE! - in TestSuite
loginAsBankManager(com.mj.testcases.BankManagerLoginTest)  Time elapsed: 0.909 sec  <<< FAILURE!
java.lang.AssertionError: Login not successfull
	at org.testng.Assert.fail(Assert.java:93)
	at com.mj.testcases.BankManagerLoginTest.loginAsBankManager(BankManagerLoginTest.java:23)

